2024-07-19 17:10:45,105 - error_logger - ERROR - Error fetching emails for user ali@ecompasse.com: <HttpError 500 when requesting https://gmail.googleapis.com/gmail/v1/users/me/messages/18df00c9f0df775b?format=raw&alt=json returned "Internal error encountered.". Details: "[{'message': 'Internal error encountered.', 'domain': 'global', 'reason': 'backendError'}]">
2024-07-19 18:20:01,095 - error_logger - ERROR - HTTP error occurred while pushing user ali@ecompasse.com to database: 401 Client Error: Unauthorized for url: http://localhost:3000/api/users
2024-07-19 18:20:07,005 - error_logger - ERROR - Error fetching emails for user ali@ecompasse.com: <HttpError 500 when requesting https://gmail.googleapis.com/gmail/v1/users/me/messages/1906f46315405ea7?format=raw&alt=json returned "Internal error encountered.". Details: "[{'message': 'Internal error encountered.', 'domain': 'global', 'reason': 'backendError'}]">
2024-07-19 18:20:07,080 - error_logger - ERROR - HTTP error occurred while pushing user alizafar@ecompasse.com to database: 401 Client Error: Unauthorized for url: http://localhost:3000/api/users
2024-07-19 18:23:40,154 - error_logger - ERROR - HTTP error occurred while pushing user ali@ecompasse.com to database: 401 Client Error: Unauthorized for url: http://localhost:3000/api/users
2024-07-19 18:23:45,166 - error_logger - ERROR - Error fetching emails for user ali@ecompasse.com: <HttpError 500 when requesting https://gmail.googleapis.com/gmail/v1/users/me/messages/190403b7afb27423?format=raw&alt=json returned "Internal error encountered.". Details: "[{'message': 'Internal error encountered.', 'domain': 'global', 'reason': 'backendError'}]">
2024-07-19 18:27:07,707 - error_logger - ERROR - Unexpected error occurred while fetching user list: name 'API_TOKEN' is not defined
2024-07-19 18:29:01,407 - error_logger - ERROR - HTTP error occurred while pushing user ali@ecompasse.com to database: 404 Client Error: Not Found for url: http://localhost:3000/api/users
2024-07-19 18:29:08,402 - error_logger - ERROR - Error fetching emails for user ali@ecompasse.com: <HttpError 500 when requesting https://gmail.googleapis.com/gmail/v1/users/me/messages/1904038f35f7f545?format=raw&alt=json returned "Internal error encountered.". Details: "[{'message': 'Internal error encountered.', 'domain': 'global', 'reason': 'backendError'}]">
2024-07-19 18:37:53,630 - error_logger - ERROR - HTTP error occurred while pushing user ali@ecompasse.com to database: 404 Client Error: Not Found for url: http://localhost:3000/api/users
2024-07-19 18:41:11,120 - error_logger - ERROR - HTTP error occurred while pushing user ali@ecompasse.com to database: 404 Client Error: Not Found for url: http://localhost:3000/api/users
2024-07-19 18:41:13,141 - error_logger - ERROR - Error fetching emails for user ali@ecompasse.com: <HttpError 500 when requesting https://gmail.googleapis.com/gmail/v1/users/me/messages?q=in%3Aanywhere&maxResults=100&alt=json returned "Internal error encountered.". Details: "[{'message': 'Internal error encountered.', 'domain': 'global', 'reason': 'backendError'}]">
2024-07-19 18:43:21,142 - error_logger - ERROR - HTTP error occurred while pushing user ali@ecompasse.com to database: 400 Client Error: Bad Request for url: http://localhost:3000/api/user
2024-07-19 18:46:33,886 - error_logger - ERROR - HTTP error occurred while pushing user ali@ecompasse.com to database: 404 Client Error: Not Found for url: http://localhost:3000/api/users
2024-07-19 18:51:23,686 - error_logger - ERROR - Unexpected error occurred while fetching user list: name 'tenant_id' is not defined
2024-07-19 18:51:53,587 - error_logger - ERROR - Unexpected error occurred while fetching user list: name 'tenant_id' is not defined
2024-07-19 18:52:51,188 - error_logger - ERROR - Unexpected error occurred while fetching user list: push_user_to_db() missing 1 required positional argument: 'tenant_id'
2024-07-19 18:53:24,502 - error_logger - ERROR - Unexpected error occurred while fetching user list: name 'tenant_id' is not defined
2024-07-19 18:54:09,031 - error_logger - ERROR - HTTP error occurred while pushing user ali@ecompasse.com to database: 404 Client Error: Not Found for url: http://localhost:3000/api/users
2024-07-19 18:55:21,970 - error_logger - ERROR - HTTP error occurred while pushing user ali@ecompasse.com to database: 404 Client Error: Not Found for url: http://localhost:3000/api/users
2024-07-19 18:55:57,820 - error_logger - ERROR - HTTP error occurred while pushing user ali@ecompasse.com to database: 400 Client Error: Bad Request for url: http://localhost:3000/api/user
2024-07-19 18:58:07,127 - error_logger - ERROR - HTTP error occurred while pushing user ali@ecompasse.com to database: 400 Client Error: Bad Request for url: http://localhost:3000/api/user
2024-07-19 18:59:56,940 - error_logger - ERROR - HTTP error occurred while pushing user ali@ecompasse.com to database: 400 Client Error: Bad Request for url: http://localhost:3000/api/user
2024-07-19 19:01:58,481 - error_logger - ERROR - HTTP error occurred while pushing user ali@ecompasse.com to database: 400 Client Error: Bad Request for url: http://localhost:3000/api/user
2024-07-19 19:02:29,472 - error_logger - ERROR - HTTP error occurred while pushing user ali@ecompasse.com to database: 400 Client Error: Bad Request for url: http://localhost:3000/api/user
2024-07-19 19:03:56,976 - error_logger - ERROR - HTTP error occurred while pushing user ali@ecompasse.com to database: 400 Client Error: Bad Request for url: http://localhost:3000/api/user
2024-07-19 19:04:23,065 - error_logger - ERROR - HTTP error occurred while pushing user ali@ecompasse.com to database: 400 Client Error: Bad Request for url: http://localhost:3000/api/user
2024-07-19 19:05:51,657 - error_logger - ERROR - HTTP error occurred while pushing user ali@ecompasse.com to database: 400 Client Error: Bad Request for url: http://localhost:3000/api/user
2024-07-19 19:06:45,432 - error_logger - ERROR - HTTP error occurred while pushing user ali@ecompasse.com to database: 400 Client Error: Bad Request for url: http://localhost:3000/api/user
2024-07-19 19:07:55,856 - error_logger - ERROR - HTTP error occurred while pushing user ali@ecompasse.com to database: 400 Client Error: Bad Request for url: http://localhost:3000/api/user
2024-07-19 19:11:21,222 - error_logger - ERROR - HTTP error occurred while pushing user ali@ecompasse.com to database: 400 Client Error: Bad Request for url: http://localhost:3000/api/user
2024-07-19 19:11:42,377 - error_logger - ERROR - HTTP error occurred while pushing user ali@ecompasse.com to database: 400 Client Error: Bad Request for url: http://localhost:3000/api/user
2024-07-19 19:15:11,069 - error_logger - ERROR - HTTP error occurred while pushing user ali@ecompasse.com to database: 400 Client Error: Bad Request for url: http://localhost:3000/api/user
2024-07-19 19:15:50,806 - error_logger - ERROR - HTTP error occurred while pushing user ali@ecompasse.com to database: 400 Client Error: Bad Request for url: http://localhost:3000/api/user
2024-07-19 19:17:03,393 - error_logger - ERROR - HTTP error occurred while pushing user ali@ecompasse.com to database: 400 Client Error: Bad Request for url: http://localhost:3000/api/user
2024-07-19 19:18:56,543 - error_logger - ERROR - HTTP error occurred while pushing user ali@ecompasse.com to database: 400 Client Error: Bad Request for url: http://localhost:3000/api/user
